[2020-11-25T22:13:56.434] [DEBUG] cheese - login => username:admin,password:123456
[2020-11-25T22:13:56.437] [DEBUG] cheese - admin
[2020-11-25T22:13:56.463] [DEBUG] cheese - null
[2020-11-25T22:13:56.464] [DEBUG] cheese - null
[2020-11-25T22:29:30.807] [DEBUG] cheese - null
[2020-12-18T11:25:07.948] [DEBUG] cheese - login => username:admin,password:123456
[2020-12-18T11:25:07.979] [DEBUG] cheese - admin
[2020-12-18T11:25:08.269] [DEBUG] cheese - null
[2020-12-18T11:25:08.270] [DEBUG] cheese - null
[2021-01-06T11:52:48.441] [DEBUG] cheese - login => username:admin,password:123456
[2021-01-06T11:52:48.473] [DEBUG] cheese - admin
[2021-01-06T11:52:48.725] [DEBUG] cheese - null
[2021-01-06T11:52:48.725] [DEBUG] cheese - null
[2021-01-06T12:59:43.979] [DEBUG] cheese - login => username:admin,password:123456
[2021-01-06T12:59:44.084] [DEBUG] cheese - admin
[2021-01-06T12:59:44.087] [DEBUG] cheese - null
[2021-01-06T12:59:44.087] [DEBUG] cheese - null
[2021-01-06T13:04:26.883] [DEBUG] cheese - null
[2021-01-08T12:08:57.534] [DEBUG] cheese - login => username:admin,password:123456
[2021-01-08T12:08:57.537] [DEBUG] cheese - admin
[2021-01-08T12:08:57.700] [DEBUG] cheese - null
[2021-01-08T12:08:57.700] [DEBUG] cheese - null
[2021-03-11T10:46:54.397] [DEBUG] cheese - login => username:admin,password:123456
[2021-03-11T10:46:54.428] [DEBUG] cheese - admin
[2021-03-11T10:46:54.436] [DEBUG] cheese - null
[2021-03-11T10:46:54.436] [DEBUG] cheese - null
[2021-03-11T10:47:09.402] [DEBUG] cheese - login => username:admin,password:123456
[2021-03-11T10:47:09.403] [DEBUG] cheese - admin
[2021-03-11T10:47:09.406] [DEBUG] cheese - null
[2021-03-11T10:47:09.406] [DEBUG] cheese - null
[2021-03-11T10:49:05.606] [DEBUG] cheese - login => username:admin,password:123456
[2021-03-11T10:49:05.606] [DEBUG] cheese - admin
[2021-03-11T10:49:05.609] [DEBUG] cheese - null
[2021-03-11T10:49:05.609] [DEBUG] cheese - null
[2021-03-11T11:17:24.967] [DEBUG] cheese - login => username:admin,password:123456
[2021-03-11T11:17:24.967] [DEBUG] cheese - admin
[2021-03-11T11:17:24.972] [DEBUG] cheese - null
[2021-03-11T11:17:24.972] [DEBUG] cheese - null
[2021-03-11T11:17:49.311] [DEBUG] cheese - login => username:admin,password:123456
[2021-03-11T11:17:49.311] [DEBUG] cheese - admin
[2021-03-11T11:17:49.314] [DEBUG] cheese - null
[2021-03-11T11:17:49.314] [DEBUG] cheese - null
[2021-03-11T11:19:53.722] [DEBUG] cheese - login => username:admin,password:123456
[2021-03-11T11:19:53.722] [DEBUG] cheese - admin
[2021-03-11T11:19:53.727] [DEBUG] cheese - null
[2021-03-11T11:19:53.727] [DEBUG] cheese - null
[2021-03-11T12:04:55.383] [DEBUG] cheese - login => username:admin,password:123456
[2021-03-11T12:04:55.386] [DEBUG] cheese - admin
[2021-03-11T12:04:55.410] [DEBUG] cheese - null
[2021-03-11T12:04:55.410] [DEBUG] cheese - null
[2021-03-11T12:07:02.233] [DEBUG] cheese - login => username:adminaaa,password:123456
[2021-03-11T12:07:02.233] [DEBUG] cheese - adminaaa
[2021-03-11T12:07:02.237] [DEBUG] cheese - null
[2021-03-11T12:07:02.237] [DEBUG] cheese - null
[2021-03-11T12:07:03.957] [DEBUG] cheese - login => username:adminaaa,password:123456
[2021-03-11T12:07:03.957] [DEBUG] cheese - adminaaa
[2021-03-11T12:07:03.960] [DEBUG] cheese - null
[2021-03-11T12:07:03.960] [DEBUG] cheese - null
[2021-03-11T12:07:12.900] [DEBUG] cheese - login => username:adminaaa,password:123456
[2021-03-11T12:07:12.901] [DEBUG] cheese - adminaaa
[2021-03-11T12:07:12.909] [DEBUG] cheese - null
[2021-03-11T12:07:12.909] [DEBUG] cheese - null
[2021-03-11T12:07:15.779] [DEBUG] cheese - login => username:adminaaa,password:123456
[2021-03-11T12:07:15.779] [DEBUG] cheese - adminaaa
[2021-03-11T12:07:15.782] [DEBUG] cheese - null
[2021-03-11T12:07:15.782] [DEBUG] cheese - null
[2021-03-11T12:07:24.789] [DEBUG] cheese - login => username:admin,password:123456
[2021-03-11T12:07:24.789] [DEBUG] cheese - admin
[2021-03-11T12:07:24.795] [DEBUG] cheese - null
[2021-03-11T12:07:24.795] [DEBUG] cheese - null
[2021-03-11T12:07:35.620] [DEBUG] cheese - login => username:wesley,password:123456
[2021-03-11T12:07:35.620] [DEBUG] cheese - wesley
[2021-03-11T12:07:35.624] [DEBUG] cheese - null
[2021-03-11T12:07:35.624] [DEBUG] cheese - null
[2021-03-11T12:07:47.900] [DEBUG] cheese - login => username:admin,password:123456
[2021-03-11T12:07:47.900] [DEBUG] cheese - admin
[2021-03-11T12:07:47.903] [DEBUG] cheese - null
[2021-03-11T12:07:47.903] [DEBUG] cheese - null
[2021-03-11T12:07:55.552] [DEBUG] cheese - login => username:wesley,password:123456
[2021-03-11T12:07:55.552] [DEBUG] cheese - wesley
[2021-03-11T12:07:55.557] [DEBUG] cheese - null
[2021-03-11T12:07:55.557] [DEBUG] cheese - null
[2021-03-11T12:08:09.047] [DEBUG] cheese - login => username:admin,password:123456
[2021-03-11T12:08:09.048] [DEBUG] cheese - admin
[2021-03-11T12:08:09.055] [DEBUG] cheese - null
[2021-03-11T12:08:09.055] [DEBUG] cheese - null
[2021-03-11T12:46:42.981] [DEBUG] cheese - login => username:admin,password:123456
[2021-03-11T12:46:42.981] [DEBUG] cheese - admin
[2021-03-11T12:46:42.986] [DEBUG] cheese - null
[2021-03-11T12:46:42.986] [DEBUG] cheese - null
[2021-03-11T12:50:51.657] [DEBUG] cheese - login => username:admin,password:123456
[2021-03-11T12:50:51.657] [DEBUG] cheese - admin
[2021-03-11T12:50:51.663] [DEBUG] cheese - null
[2021-03-11T12:50:51.663] [DEBUG] cheese - null
[2021-03-11T13:21:23.085] [DEBUG] cheese - login => username:admin,password:123456
[2021-03-11T13:21:23.086] [DEBUG] cheese - admin
[2021-03-11T13:21:23.090] [DEBUG] cheese - null
[2021-03-11T13:21:23.090] [DEBUG] cheese - null
[2021-03-11T13:27:22.902] [DEBUG] cheese - login => username:admin,password:123456
[2021-03-11T13:27:22.902] [DEBUG] cheese - admin
[2021-03-11T13:27:22.905] [DEBUG] cheese - null
[2021-03-11T13:27:22.906] [DEBUG] cheese - null
[2021-03-11T13:30:25.152] [DEBUG] cheese - login => username:admin,password:123456
[2021-03-11T13:30:25.152] [DEBUG] cheese - admin
[2021-03-11T13:30:25.157] [DEBUG] cheese - null
[2021-03-11T13:30:25.157] [DEBUG] cheese - null
[2021-03-11T13:31:00.589] [DEBUG] cheese - login => username:admin,password:123456
[2021-03-11T13:31:00.589] [DEBUG] cheese - admin
[2021-03-11T13:31:00.593] [DEBUG] cheese - null
[2021-03-11T13:31:00.593] [DEBUG] cheese - null
[2021-03-11T13:31:05.158] [DEBUG] cheese - login => username:admin,password:123456
[2021-03-11T13:31:05.158] [DEBUG] cheese - admin
[2021-03-11T13:31:05.162] [DEBUG] cheese - null
[2021-03-11T13:31:05.162] [DEBUG] cheese - null
[2021-03-11T13:31:18.618] [DEBUG] cheese - login => username:admin,password:123456
[2021-03-11T13:31:18.618] [DEBUG] cheese - admin
[2021-03-11T13:31:18.623] [DEBUG] cheese - null
[2021-03-11T13:31:18.623] [DEBUG] cheese - null
[2021-03-11T13:31:47.186] [DEBUG] cheese - login => username:admin,password:123456
[2021-03-11T13:31:47.186] [DEBUG] cheese - admin
[2021-03-11T13:31:47.189] [DEBUG] cheese - null
[2021-03-11T13:31:47.190] [DEBUG] cheese - null
[2021-03-11T13:31:59.540] [DEBUG] cheese - login => username:admin,password:123456
[2021-03-11T13:31:59.540] [DEBUG] cheese - admin
[2021-03-11T13:31:59.544] [DEBUG] cheese - null
[2021-03-11T13:31:59.544] [DEBUG] cheese - null
[2021-03-11T14:36:55.948] [DEBUG] cheese - login => username:admin,password:123456
[2021-03-11T14:36:55.953] [DEBUG] cheese - admin
[2021-03-11T14:36:56.021] [DEBUG] cheese - null
[2021-03-11T14:36:56.022] [DEBUG] cheese - null
[2021-03-11T14:38:23.921] [DEBUG] cheese - login => username:admin,password:123456
[2021-03-11T14:38:23.921] [DEBUG] cheese - admin
[2021-03-11T14:38:23.925] [DEBUG] cheese - null
[2021-03-11T14:38:23.926] [DEBUG] cheese - null
[2021-03-11T15:11:58.467] [DEBUG] cheese - login => username:admin,password:123456
[2021-03-11T15:11:58.467] [DEBUG] cheese - admin
[2021-03-11T15:11:58.472] [DEBUG] cheese - null
[2021-03-11T15:11:58.472] [DEBUG] cheese - null
[2021-03-11T15:34:36.286] [DEBUG] cheese - null
[2021-03-11T15:49:44.861] [DEBUG] cheese - login => username:admin,password:123456
[2021-03-11T15:49:44.862] [DEBUG] cheese - admin
[2021-03-11T15:49:44.867] [DEBUG] cheese - null
[2021-03-11T15:49:44.867] [DEBUG] cheese - null
[2021-03-11T16:00:53.843] [DEBUG] cheese - login => username:qqqqqq,password:123456
[2021-03-11T16:00:53.845] [DEBUG] cheese - qqqqqq
[2021-03-11T16:00:53.854] [DEBUG] cheese - null
[2021-03-11T16:00:53.854] [DEBUG] cheese - null
[2021-03-11T16:01:02.160] [DEBUG] cheese - login => username:qqqqqq,password:qqqqqq
[2021-03-11T16:01:02.160] [DEBUG] cheese - qqqqqq
[2021-03-11T16:01:02.164] [DEBUG] cheese - null
[2021-03-11T16:01:02.164] [DEBUG] cheese - null
[2021-03-11T16:01:04.451] [DEBUG] cheese - login => username:qqqqqqq,password:qqqqqq
[2021-03-11T16:01:04.452] [DEBUG] cheese - qqqqqqq
[2021-03-11T16:01:04.457] [DEBUG] cheese - null
[2021-03-11T16:01:04.457] [DEBUG] cheese - null
[2021-03-11T16:01:10.352] [DEBUG] cheese - login => username:qqqqqqq,password:qqqqqqq
[2021-03-11T16:01:10.352] [DEBUG] cheese - qqqqqqq
[2021-03-11T16:01:10.356] [DEBUG] cheese - null
[2021-03-11T16:01:10.356] [DEBUG] cheese - null
[2021-03-11T16:01:51.147] [DEBUG] cheese - login => username:admin,password:123456
[2021-03-11T16:01:51.147] [DEBUG] cheese - admin
[2021-03-11T16:01:51.151] [DEBUG] cheese - null
[2021-03-11T16:01:51.151] [DEBUG] cheese - null
